# JRE version: Java(TM) SE Runtime Environment 18.9 (11.0.12+8) (build 11.0.12+8-LTS-237)
# Java VM: Java HotSpot(TM) 64-Bit Server VM 18.9 (11.0.12+8-LTS-237, mixed mode, tiered, compressed oops, g1 gc, windows-amd64)
Heap:
 garbage-first heap   total 236544K, used 69031K [0x0000000741c00000, 0x0000000800000000)
  region size 1024K, 44 young (45056K), 10 survivors (10240K)
 Metaspace       used 63272K, capacity 65250K, committed 65360K, reserved 1105920K
  class space    used 7794K, capacity 8570K, committed 8652K, reserved 1048576K
GC Heap History (10 events):
Event: 2150.368 GC heap before
{Heap before GC invocations=18 (full 0):
 garbage-first heap   total 236544K, used 166208K [0x0000000741c00000, 0x0000000800000000)
  region size 1024K, 138 young (141312K), 10 survivors (10240K)
 Metaspace       used 62547K, capacity 64540K, committed 64720K, reserved 1105920K
  class space    used 7729K, capacity 8504K, committed 8524K, reserved 1048576K
}
Event: 2150.376 GC heap after
{Heap after GC invocations=19 (full 0):
 garbage-first heap   total 236544K, used 35134K [0x0000000741c00000, 0x0000000800000000)
  region size 1024K, 10 young (10240K), 10 survivors (10240K)
 Metaspace       used 62547K, capacity 64540K, committed 64720K, reserved 1105920K
  class space    used 7729K, capacity 8504K, committed 8524K, reserved 1048576K
}
Event: 2674.744 GC heap before
{Heap before GC invocations=19 (full 0):
 garbage-first heap   total 236544K, used 166206K [0x0000000741c00000, 0x0000000800000000)
  region size 1024K, 138 young (141312K), 10 survivors (10240K)
 Metaspace       used 62547K, capacity 64540K, committed 64720K, reserved 1105920K
  class space    used 7729K, capacity 8504K, committed 8524K, reserved 1048576K
}
Event: 2674.752 GC heap after
{Heap after GC invocations=20 (full 0):
 garbage-first heap   total 236544K, used 35146K [0x0000000741c00000, 0x0000000800000000)
  region size 1024K, 10 young (10240K), 10 survivors (10240K)
 Metaspace       used 62547K, capacity 64540K, committed 64720K, reserved 1105920K
  class space    used 7729K, capacity 8504K, committed 8524K, reserved 1048576K
}
Event: 3260.222 GC heap before
{Heap before GC invocations=20 (full 0):
 garbage-first heap   total 236544K, used 166218K [0x0000000741c00000, 0x0000000800000000)
  region size 1024K, 138 young (141312K), 10 survivors (10240K)
 Metaspace       used 62547K, capacity 64540K, committed 64720K, reserved 1105920K
  class space    used 7729K, capacity 8504K, committed 8524K, reserved 1048576K
}
Event: 3260.231 GC heap after
{Heap after GC invocations=21 (full 0):
 garbage-first heap   total 236544K, used 35562K [0x0000000741c00000, 0x0000000800000000)
  region size 1024K, 10 young (10240K), 10 survivors (10240K)
 Metaspace       used 62547K, capacity 64540K, committed 64720K, reserved 1105920K
  class space    used 7729K, capacity 8504K, committed 8524K, reserved 1048576K
}
Event: 3764.333 GC heap before
{Heap before GC invocations=21 (full 0):
 garbage-first heap   total 236544K, used 166634K [0x0000000741c00000, 0x0000000800000000)
  region size 1024K, 138 young (141312K), 10 survivors (10240K)
 Metaspace       used 63269K, capacity 65250K, committed 65360K, reserved 1105920K
  class space    used 7793K, capacity 8570K, committed 8652K, reserved 1048576K
}
Event: 3764.345 GC heap after
{Heap after GC invocations=22 (full 0):
 garbage-first heap   total 236544K, used 35572K [0x0000000741c00000, 0x0000000800000000)
  region size 1024K, 10 young (10240K), 10 survivors (10240K)
 Metaspace       used 63269K, capacity 65250K, committed 65360K, reserved 1105920K
  class space    used 7793K, capacity 8570K, committed 8652K, reserved 1048576K
}
Event: 4335.239 GC heap before
{Heap before GC invocations=22 (full 0):
 garbage-first heap   total 236544K, used 166644K [0x0000000741c00000, 0x0000000800000000)
  region size 1024K, 138 young (141312K), 10 survivors (10240K)
 Metaspace       used 63269K, capacity 65250K, committed 65360K, reserved 1105920K
  class space    used 7793K, capacity 8570K, committed 8652K, reserved 1048576K
}
Event: 4335.249 GC heap after
{Heap after GC invocations=23 (full 0):
 garbage-first heap   total 236544K, used 35239K [0x0000000741c00000, 0x0000000800000000)
  region size 1024K, 10 young (10240K), 10 survivors (10240K)
 Metaspace       used 63269K, capacity 65250K, committed 65360K, reserved 1105920K
  class space    used 7793K, capacity 8570K, committed 8652K, reserved 1048576K
}

