# JRE version: Java(TM) SE Runtime Environment 18.9 (11.0.12+8) (build 11.0.12+8-LTS-237)
# Java VM: Java HotSpot(TM) 64-Bit Server VM 18.9 (11.0.12+8-LTS-237, mixed mode, tiered, compressed oops, g1 gc, windows-amd64)
Heap:
 garbage-first heap   total 236544K, used 92657K [0x0000000741c00000, 0x0000000800000000)
  region size 1024K, 60 young (61440K), 8 survivors (8192K)
 Metaspace       used 70271K, capacity 72513K, committed 72796K, reserved 1112064K
  class space    used 8546K, capacity 9417K, committed 9496K, reserved 1048576K
GC Heap History (10 events):
Event: 1219.443 GC heap before
{Heap before GC invocations=17 (full 0):
 garbage-first heap   total 236544K, used 226028K [0x0000000741c00000, 0x0000000800000000)
  region size 1024K, 138 young (141312K), 8 survivors (8192K)
 Metaspace       used 68956K, capacity 71172K, committed 71388K, reserved 1112064K
  class space    used 8419K, capacity 9274K, committed 9368K, reserved 1048576K
}
Event: 1219.452 GC heap after
{Heap after GC invocations=18 (full 0):
 garbage-first heap   total 236544K, used 38309K [0x0000000741c00000, 0x0000000800000000)
  region size 1024K, 7 young (7168K), 7 survivors (7168K)
 Metaspace       used 68956K, capacity 71172K, committed 71388K, reserved 1112064K
  class space    used 8419K, capacity 9274K, committed 9368K, reserved 1048576K
}
Event: 1317.431 GC heap before
{Heap before GC invocations=18 (full 0):
 garbage-first heap   total 236544K, used 226725K [0x0000000741c00000, 0x0000000800000000)
  region size 1024K, 138 young (141312K), 7 survivors (7168K)
 Metaspace       used 69102K, capacity 71237K, committed 71388K, reserved 1112064K
  class space    used 8425K, capacity 9274K, committed 9368K, reserved 1048576K
}
Event: 1317.439 GC heap after
{Heap after GC invocations=19 (full 0):
 garbage-first heap   total 236544K, used 38328K [0x0000000741c00000, 0x0000000800000000)
  region size 1024K, 7 young (7168K), 7 survivors (7168K)
 Metaspace       used 69102K, capacity 71237K, committed 71388K, reserved 1112064K
  class space    used 8425K, capacity 9274K, committed 9368K, reserved 1048576K
}
Event: 1558.080 GC heap before
{Heap before GC invocations=19 (full 0):
 garbage-first heap   total 236544K, used 186808K [0x0000000741c00000, 0x0000000800000000)
  region size 1024K, 138 young (141312K), 7 survivors (7168K)
 Metaspace       used 69707K, capacity 71904K, committed 72156K, reserved 1112064K
  class space    used 8488K, capacity 9345K, committed 9368K, reserved 1048576K
}
Event: 1558.090 GC heap after
{Heap after GC invocations=20 (full 0):
 garbage-first heap   total 236544K, used 38028K [0x0000000741c00000, 0x0000000800000000)
  region size 1024K, 8 young (8192K), 8 survivors (8192K)
 Metaspace       used 69707K, capacity 71904K, committed 72156K, reserved 1112064K
  class space    used 8488K, capacity 9345K, committed 9368K, reserved 1048576K
}
Event: 1584.575 GC heap before
{Heap before GC invocations=20 (full 0):
 garbage-first heap   total 236544K, used 183436K [0x0000000741c00000, 0x0000000800000000)
  region size 1024K, 138 young (141312K), 8 survivors (8192K)
 Metaspace       used 69734K, capacity 71968K, committed 72156K, reserved 1112064K
  class space    used 8489K, capacity 9345K, committed 9368K, reserved 1048576K
}
Event: 1584.583 GC heap after
{Heap after GC invocations=21 (full 0):
 garbage-first heap   total 236544K, used 37704K [0x0000000741c00000, 0x0000000800000000)
  region size 1024K, 8 young (8192K), 8 survivors (8192K)
 Metaspace       used 69734K, capacity 71968K, committed 72156K, reserved 1112064K
  class space    used 8489K, capacity 9345K, committed 9368K, reserved 1048576K
}
Event: 1793.160 GC heap before
{Heap before GC invocations=21 (full 0):
 garbage-first heap   total 236544K, used 204616K [0x0000000741c00000, 0x0000000800000000)
  region size 1024K, 138 young (141312K), 8 survivors (8192K)
 Metaspace       used 70234K, capacity 72428K, committed 72540K, reserved 1112064K
  class space    used 8541K, capacity 9411K, committed 9496K, reserved 1048576K
}
Event: 1793.172 GC heap after
{Heap after GC invocations=22 (full 0):
 garbage-first heap   total 236544K, used 38385K [0x0000000741c00000, 0x0000000800000000)
  region size 1024K, 8 young (8192K), 8 survivors (8192K)
 Metaspace       used 70234K, capacity 72428K, committed 72540K, reserved 1112064K
  class space    used 8541K, capacity 9411K, committed 9496K, reserved 1048576K
}

