# JRE version: Java(TM) SE Runtime Environment 18.9 (11.0.12+8) (build 11.0.12+8-LTS-237)
# Java VM: Java HotSpot(TM) 64-Bit Server VM 18.9 (11.0.12+8-LTS-237, mixed mode, tiered, compressed oops, g1 gc, windows-amd64)
Heap:
 garbage-first heap   total 238592K, used 151772K [0x0000000741c00000, 0x0000000800000000)
  region size 1024K, 136 young (139264K), 11 survivors (11264K)
 Metaspace       used 55643K, capacity 57514K, committed 57756K, reserved 1099776K
  class space    used 6880K, capacity 7606K, committed 7660K, reserved 1048576K
GC Heap History (10 events):
Event: 4.367 GC heap before
{Heap before GC invocations=3 (full 0):
 garbage-first heap   total 196608K, used 40876K [0x0000000741c00000, 0x0000000800000000)
  region size 1024K, 35 young (35840K), 3 survivors (3072K)
 Metaspace       used 20581K, capacity 21205K, committed 21296K, reserved 1069056K
  class space    used 2381K, capacity 2643K, committed 2688K, reserved 1048576K
}
Event: 4.373 GC heap after
{Heap after GC invocations=4 (full 0):
 garbage-first heap   total 196608K, used 10767K [0x0000000741c00000, 0x0000000800000000)
  region size 1024K, 4 young (4096K), 4 survivors (4096K)
 Metaspace       used 20581K, capacity 21205K, committed 21296K, reserved 1069056K
  class space    used 2381K, capacity 2643K, committed 2688K, reserved 1048576K
}
Event: 5.621 GC heap before
{Heap before GC invocations=5 (full 0):
 garbage-first heap   total 196608K, used 123407K [0x0000000741c00000, 0x0000000800000000)
  region size 1024K, 115 young (117760K), 4 survivors (4096K)
 Metaspace       used 29419K, capacity 30551K, committed 30768K, reserved 1077248K
  class space    used 3543K, capacity 3956K, committed 3968K, reserved 1048576K
}
Event: 5.633 GC heap after
{Heap after GC invocations=6 (full 0):
 garbage-first heap   total 196608K, used 15074K [0x0000000741c00000, 0x0000000800000000)
  region size 1024K, 8 young (8192K), 8 survivors (8192K)
 Metaspace       used 29419K, capacity 30551K, committed 30768K, reserved 1077248K
  class space    used 3543K, capacity 3956K, committed 3968K, reserved 1048576K
}
Event: 6.402 GC heap before
{Heap before GC invocations=6 (full 0):
 garbage-first heap   total 196608K, used 70370K [0x0000000741c00000, 0x0000000800000000)
  region size 1024K, 63 young (64512K), 8 survivors (8192K)
 Metaspace       used 34680K, capacity 35900K, committed 35920K, reserved 1081344K
  class space    used 4271K, capacity 4748K, committed 4768K, reserved 1048576K
}
Event: 6.418 GC heap after
{Heap after GC invocations=7 (full 0):
 garbage-first heap   total 196608K, used 17460K [0x0000000741c00000, 0x0000000800000000)
  region size 1024K, 9 young (9216K), 9 survivors (9216K)
 Metaspace       used 34680K, capacity 35900K, committed 35920K, reserved 1081344K
  class space    used 4271K, capacity 4748K, committed 4768K, reserved 1048576K
}
Event: 7.301 GC heap before
{Heap before GC invocations=8 (full 0):
 garbage-first heap   total 196608K, used 124980K [0x0000000741c00000, 0x0000000800000000)
  region size 1024K, 115 young (117760K), 9 survivors (9216K)
 Metaspace       used 41892K, capacity 43358K, committed 43676K, reserved 1087488K
  class space    used 5178K, capacity 5783K, committed 5868K, reserved 1048576K
}
Event: 7.320 GC heap after
{Heap after GC invocations=9 (full 0):
 garbage-first heap   total 196608K, used 20403K [0x0000000741c00000, 0x0000000800000000)
  region size 1024K, 10 young (10240K), 10 survivors (10240K)
 Metaspace       used 41892K, capacity 43358K, committed 43676K, reserved 1087488K
  class space    used 5178K, capacity 5783K, committed 5868K, reserved 1048576K
}
Event: 8.362 GC heap before
{Heap before GC invocations=9 (full 0):
 garbage-first heap   total 196608K, used 127923K [0x0000000741c00000, 0x0000000800000000)
  region size 1024K, 115 young (117760K), 10 survivors (10240K)
 Metaspace       used 48981K, capacity 50661K, committed 50844K, reserved 1093632K
  class space    used 6075K, capacity 6783K, committed 6892K, reserved 1048576K
}
Event: 8.385 GC heap after
{Heap after GC invocations=10 (full 0):
 garbage-first heap   total 238592K, used 24796K [0x0000000741c00000, 0x0000000800000000)
  region size 1024K, 11 young (11264K), 11 survivors (11264K)
 Metaspace       used 48981K, capacity 50661K, committed 50844K, reserved 1093632K
  class space    used 6075K, capacity 6783K, committed 6892K, reserved 1048576K
}

